{
  "stats": {
    "suites": 1,
    "tests": 1,
    "passes": 1,
    "pending": 0,
    "failures": 0,
    "start": "2025-08-29T07:37:51.911Z",
    "end": "2025-08-29T07:37:54.167Z",
    "duration": 2256,
    "testsRegistered": 1,
    "passPercent": 100,
    "pendingPercent": 0,
    "other": 0,
    "hasOther": false,
    "skipped": 0,
    "hasSkipped": false
  },
  "results": [
    {
      "uuid": "3956a9c0-21d3-4bc2-8d3d-385827d94963",
      "title": "",
      "fullFile": "cypress/e2e/faker-command.cy.js",
      "file": "cypress/e2e/faker-command.cy.js",
      "beforeHooks": [],
      "afterHooks": [],
      "tests": [],
      "suites": [
        {
          "uuid": "9a26b939-3b15-4cd9-a36d-edb2d1c24a19",
          "title": "Random credential with custom command",
          "fullFile": "",
          "file": "",
          "beforeHooks": [],
          "afterHooks": [],
          "tests": [
            {
              "title": "fill form with random email and password",
              "fullTitle": "Random credential with custom command fill form with random email and password",
              "timedOut": null,
              "duration": 1060,
              "state": "passed",
              "speed": "fast",
              "pass": true,
              "fail": false,
              "pending": false,
              "context": null,
              "code": "cy.visit('https://example.cypress.io/commands/actions');\ncy.fillRandomCredentials().then(({\n  email,\n  password\n}) => {\n  expect(email).to.include('@');\n  expect(password.length).to.be.greaterThan(8);\n});",
              "err": {},
              "uuid": "7f9ea45b-cb69-4bd3-971f-32d1fb364868",
              "parentUUID": "9a26b939-3b15-4cd9-a36d-edb2d1c24a19",
              "isHook": false,
              "skipped": false
            }
          ],
          "suites": [],
          "passes": [
            "7f9ea45b-cb69-4bd3-971f-32d1fb364868"
          ],
          "failures": [],
          "pending": [],
          "skipped": [],
          "duration": 1060,
          "root": false,
          "rootEmpty": false,
          "_timeout": 2000
        }
      ],
      "passes": [],
      "failures": [],
      "pending": [],
      "skipped": [],
      "duration": 0,
      "root": true,
      "rootEmpty": true,
      "_timeout": 2000
    }
  ],
  "meta": {
    "mocha": {
      "version": "7.2.0"
    },
    "mochawesome": {
      "options": {
        "quiet": false,
        "reportFilename": "mochawesome",
        "saveHtml": true,
        "saveJson": true,
        "consoleReporter": "spec",
        "useInlineDiffs": false,
        "code": true
      },
      "version": "7.1.3"
    },
    "marge": {
      "options": {
        "reportDir": "cypress/reports",
        "overwrite": false,
        "html": true,
        "json": true
      },
      "version": "6.2.0"
    }
  }
}