{
  "stats": {
    "suites": 1,
    "tests": 1,
    "passes": 1,
    "pending": 0,
    "failures": 0,
    "start": "2025-08-29T07:38:30.091Z",
    "end": "2025-08-29T07:38:31.779Z",
    "duration": 1688,
    "testsRegistered": 1,
    "passPercent": 100,
    "pendingPercent": 0,
    "other": 0,
    "hasOther": false,
    "skipped": 0,
    "hasSkipped": false
  },
  "results": [
    {
      "uuid": "ffd76644-514a-40ae-8d20-7af95af25a7d",
      "title": "",
      "fullFile": "cypress/e2e/network-multiple-requests.cy.js",
      "file": "cypress/e2e/network-multiple-requests.cy.js",
      "beforeHooks": [],
      "afterHooks": [],
      "tests": [],
      "suites": [
        {
          "uuid": "011d0df1-c47b-4454-b55c-0586106ae775",
          "title": "Multiple network requests with aliases",
          "fullFile": "",
          "file": "",
          "beforeHooks": [],
          "afterHooks": [],
          "tests": [
            {
              "title": "waits for GET and POST sequentially",
              "fullTitle": "Multiple network requests with aliases waits for GET and POST sequentially",
              "timedOut": null,
              "duration": 662,
              "state": "passed",
              "speed": "fast",
              "pass": true,
              "fail": false,
              "pending": false,
              "context": null,
              "code": "cy.visit('https://example.cypress.io/commands/network-requests');\ncy.intercept('GET', '**/comments/*').as('getComment');\ncy.intercept('POST', '**/comments').as('postComment');\ncy.contains('Get Comment').click();\ncy.wait('@getComment').its('response.statusCode').should('eq', 200);\ncy.contains('Post Comment').click();\ncy.wait('@postComment').its('response.statusCode').should('eq', 201);\ncy.get('.network-comment').should('not.be.empty');\ncy.get('.network-post-comment').should('contain.text', 'POST successful!');",
              "err": {},
              "uuid": "117d054f-7046-4b00-9cf0-de6201456f28",
              "parentUUID": "011d0df1-c47b-4454-b55c-0586106ae775",
              "isHook": false,
              "skipped": false
            }
          ],
          "suites": [],
          "passes": [
            "117d054f-7046-4b00-9cf0-de6201456f28"
          ],
          "failures": [],
          "pending": [],
          "skipped": [],
          "duration": 662,
          "root": false,
          "rootEmpty": false,
          "_timeout": 2000
        }
      ],
      "passes": [],
      "failures": [],
      "pending": [],
      "skipped": [],
      "duration": 0,
      "root": true,
      "rootEmpty": true,
      "_timeout": 2000
    }
  ],
  "meta": {
    "mocha": {
      "version": "7.2.0"
    },
    "mochawesome": {
      "options": {
        "quiet": false,
        "reportFilename": "mochawesome",
        "saveHtml": true,
        "saveJson": true,
        "consoleReporter": "spec",
        "useInlineDiffs": false,
        "code": true
      },
      "version": "7.1.3"
    },
    "marge": {
      "options": {
        "reportDir": "cypress/reports",
        "overwrite": false,
        "html": true,
        "json": true
      },
      "version": "6.2.0"
    }
  }
}