{
  "stats": {
    "suites": 1,
    "tests": 2,
    "passes": 2,
    "pending": 0,
    "failures": 0,
    "start": "2025-08-29T07:37:26.780Z",
    "end": "2025-08-29T07:37:28.733Z",
    "duration": 1953,
    "testsRegistered": 2,
    "passPercent": 100,
    "pendingPercent": 0,
    "other": 0,
    "hasOther": false,
    "skipped": 0,
    "hasSkipped": false
  },
  "results": [
    {
      "uuid": "8039a5e2-83d3-46fb-ba34-679c45efe40a",
      "title": "",
      "fullFile": "cypress/e2e/beforeEach-advanced.cy.js",
      "file": "cypress/e2e/beforeEach-advanced.cy.js",
      "beforeHooks": [],
      "afterHooks": [],
      "tests": [],
      "suites": [
        {
          "uuid": "9d843a2c-ef88-47ed-b3a3-d2da969644c1",
          "title": "Advanced beforeEach test",
          "fullFile": "",
          "file": "",
          "beforeHooks": [],
          "afterHooks": [],
          "tests": [
            {
              "title": "Type email check conditions",
              "fullTitle": "Advanced beforeEach test Type email check conditions",
              "timedOut": null,
              "duration": 536,
              "state": "passed",
              "speed": "fast",
              "pass": true,
              "fail": false,
              "pending": false,
              "context": null,
              "code": "cy.get('#email1').type('email@example.com').invoke('val').then(val => {\n  expect(val).to.contain('@');\n  expect(val).to.match(/\\.com$/);\n  expect(val.length).to.be.greaterThan(10);\n});",
              "err": {},
              "uuid": "99764349-5eb1-40a5-ae78-e447f8384238",
              "parentUUID": "9d843a2c-ef88-47ed-b3a3-d2da969644c1",
              "isHook": false,
              "skipped": false
            },
            {
              "title": "Type password check conditions",
              "fullTitle": "Advanced beforeEach test Type password check conditions",
              "timedOut": null,
              "duration": 357,
              "state": "passed",
              "speed": "fast",
              "pass": true,
              "fail": false,
              "pending": false,
              "context": null,
              "code": "cy.get('#password1').type('Password1').invoke('val').then(val => {\n  expect(val.length).to.eq(9);\n  expect(val.startsWith('Pa')).to.be.true;\n  expect(val).not.to.contain(' ');\n});",
              "err": {},
              "uuid": "298f6569-e1f2-40ab-8656-dac0d24fb9a7",
              "parentUUID": "9d843a2c-ef88-47ed-b3a3-d2da969644c1",
              "isHook": false,
              "skipped": false
            }
          ],
          "suites": [],
          "passes": [
            "99764349-5eb1-40a5-ae78-e447f8384238",
            "298f6569-e1f2-40ab-8656-dac0d24fb9a7"
          ],
          "failures": [],
          "pending": [],
          "skipped": [],
          "duration": 893,
          "root": false,
          "rootEmpty": false,
          "_timeout": 2000
        }
      ],
      "passes": [],
      "failures": [],
      "pending": [],
      "skipped": [],
      "duration": 0,
      "root": true,
      "rootEmpty": true,
      "_timeout": 2000
    }
  ],
  "meta": {
    "mocha": {
      "version": "7.2.0"
    },
    "mochawesome": {
      "options": {
        "quiet": false,
        "reportFilename": "mochawesome",
        "saveHtml": true,
        "saveJson": true,
        "consoleReporter": "spec",
        "useInlineDiffs": false,
        "code": true
      },
      "version": "7.1.3"
    },
    "marge": {
      "options": {
        "reportDir": "cypress/reports",
        "overwrite": false,
        "html": true,
        "json": true
      },
      "version": "6.2.0"
    }
  }
}