{
  "stats": {
    "suites": 1,
    "tests": 1,
    "passes": 1,
    "pending": 0,
    "failures": 0,
    "start": "2025-08-29T07:38:19.791Z",
    "end": "2025-08-29T07:38:22.036Z",
    "duration": 2245,
    "testsRegistered": 1,
    "passPercent": 100,
    "pendingPercent": 0,
    "other": 0,
    "hasOther": false,
    "skipped": 0,
    "hasSkipped": false
  },
  "results": [
    {
      "uuid": "99d590ea-f75f-4680-b5f7-35e24c3e4d5e",
      "title": "",
      "fullFile": "cypress/e2e/form-simulated-example.cy.js",
      "file": "cypress/e2e/form-simulated-example.cy.js",
      "beforeHooks": [],
      "afterHooks": [],
      "tests": [],
      "suites": [
        {
          "uuid": "1da558f4-6329-48ef-b936-5dc9c7b57ea7",
          "title": "Simulated form flow",
          "fullFile": "",
          "file": "",
          "beforeHooks": [],
          "afterHooks": [],
          "tests": [
            {
              "title": "Fill fields and submit",
              "fullTitle": "Simulated form flow Fill fields and submit",
              "timedOut": null,
              "duration": 1211,
              "state": "passed",
              "speed": "fast",
              "pass": true,
              "fail": false,
              "pending": false,
              "context": null,
              "code": "cy.visit('https://example.cypress.io/commands/actions');\ncy.get('#email1').type('email@example.com').should('have.value', 'email@example.com');\ncy.get('#password1').type('Password123@').should('have.value', 'Password123@');\ncy.get('[value=\"checkbox1\"]').check().should('be.checked');\ncy.get('.action-select').select('apples').should('have.value', 'fr-apples');\ncy.contains('Submit').click();\ncy.get('.action-form').should('exist').and('be.visible');",
              "err": {},
              "uuid": "b89f1bf7-7ae5-497d-9c97-214ada3b3f27",
              "parentUUID": "1da558f4-6329-48ef-b936-5dc9c7b57ea7",
              "isHook": false,
              "skipped": false
            }
          ],
          "suites": [],
          "passes": [
            "b89f1bf7-7ae5-497d-9c97-214ada3b3f27"
          ],
          "failures": [],
          "pending": [],
          "skipped": [],
          "duration": 1211,
          "root": false,
          "rootEmpty": false,
          "_timeout": 2000
        }
      ],
      "passes": [],
      "failures": [],
      "pending": [],
      "skipped": [],
      "duration": 0,
      "root": true,
      "rootEmpty": true,
      "_timeout": 2000
    }
  ],
  "meta": {
    "mocha": {
      "version": "7.2.0"
    },
    "mochawesome": {
      "options": {
        "quiet": false,
        "reportFilename": "mochawesome",
        "saveHtml": true,
        "saveJson": true,
        "consoleReporter": "spec",
        "useInlineDiffs": false,
        "code": true
      },
      "version": "7.1.3"
    },
    "marge": {
      "options": {
        "reportDir": "cypress/reports",
        "overwrite": false,
        "html": true,
        "json": true
      },
      "version": "6.2.0"
    }
  }
}