{
  "stats": {
    "suites": 1,
    "tests": 1,
    "passes": 1,
    "pending": 0,
    "failures": 0,
    "start": "2025-08-29T07:38:05.699Z",
    "end": "2025-08-29T07:38:07.695Z",
    "duration": 1996,
    "testsRegistered": 1,
    "passPercent": 100,
    "pendingPercent": 0,
    "other": 0,
    "hasOther": false,
    "skipped": 0,
    "hasSkipped": false
  },
  "results": [
    {
      "uuid": "e5259102-fd40-47ef-8e2d-a6570f31d4be",
      "title": "",
      "fullFile": "cypress/e2e/fixture-alias-user.cy.js",
      "file": "cypress/e2e/fixture-alias-user.cy.js",
      "beforeHooks": [],
      "afterHooks": [],
      "tests": [],
      "suites": [
        {
          "uuid": "d4f7d3b4-c7c7-4093-888e-f1e90e04018d",
          "title": "Fixture alias example - user login data",
          "fullFile": "",
          "file": "",
          "beforeHooks": [],
          "afterHooks": [],
          "tests": [
            {
              "title": "uses fixture alias to fill email and password fields",
              "fullTitle": "Fixture alias example - user login data uses fixture alias to fill email and password fields",
              "timedOut": null,
              "duration": 950,
              "state": "passed",
              "speed": "fast",
              "pass": true,
              "fail": false,
              "pending": false,
              "context": null,
              "code": "cy.visit('https://example.cypress.io/commands/actions');\ncy.get('#email1').type(this.userData.email).should('have.value', this.userData.email);\ncy.get('#password1').type(this.userData.password).should('have.value', this.userData.password);",
              "err": {},
              "uuid": "c2d79b86-7067-4630-8870-8e1aefbaad1d",
              "parentUUID": "d4f7d3b4-c7c7-4093-888e-f1e90e04018d",
              "isHook": false,
              "skipped": false
            }
          ],
          "suites": [],
          "passes": [
            "c2d79b86-7067-4630-8870-8e1aefbaad1d"
          ],
          "failures": [],
          "pending": [],
          "skipped": [],
          "duration": 950,
          "root": false,
          "rootEmpty": false,
          "_timeout": 2000
        }
      ],
      "passes": [],
      "failures": [],
      "pending": [],
      "skipped": [],
      "duration": 0,
      "root": true,
      "rootEmpty": true,
      "_timeout": 2000
    }
  ],
  "meta": {
    "mocha": {
      "version": "7.2.0"
    },
    "mochawesome": {
      "options": {
        "quiet": false,
        "reportFilename": "mochawesome",
        "saveHtml": true,
        "saveJson": true,
        "consoleReporter": "spec",
        "useInlineDiffs": false,
        "code": true
      },
      "version": "7.1.3"
    },
    "marge": {
      "options": {
        "reportDir": "cypress/reports",
        "overwrite": false,
        "html": true,
        "json": true
      },
      "version": "6.2.0"
    }
  }
}