{
  "stats": {
    "suites": 1,
    "tests": 1,
    "passes": 1,
    "pending": 0,
    "failures": 0,
    "start": "2025-08-29T07:37:40.793Z",
    "end": "2025-08-29T07:37:42.297Z",
    "duration": 1504,
    "testsRegistered": 1,
    "passPercent": 100,
    "pendingPercent": 0,
    "other": 0,
    "hasOther": false,
    "skipped": 0,
    "hasSkipped": false
  },
  "results": [
    {
      "uuid": "9b91f76e-e54b-4048-aa14-58348b76dfc8",
      "title": "",
      "fullFile": "cypress/e2e/coupon-positive.exemple.cy.js",
      "file": "cypress/e2e/coupon-positive.exemple.cy.js",
      "beforeHooks": [],
      "afterHooks": [],
      "tests": [],
      "suites": [
        {
          "uuid": "a03d7fb5-29d6-4865-ab2b-b78625149c5a",
          "title": "Positive coupon code flow",
          "fullFile": "",
          "file": "",
          "beforeHooks": [],
          "afterHooks": [],
          "tests": [
            {
              "title": "Try to submit coupon code",
              "fullTitle": "Positive coupon code flow Try to submit coupon code",
              "timedOut": null,
              "duration": 486,
              "state": "passed",
              "speed": "fast",
              "pass": true,
              "fail": false,
              "pending": false,
              "context": null,
              "code": "cy.visit('https://example.cypress.io/commands/actions');\ncy.get('#couponCode1').type('12345').should('have.value', '12345').invoke('val').should('have.length', 5);\ncy.contains('Submit').click();\ncy.get('.action-form').should('exist').and('be.visible');",
              "err": {},
              "uuid": "fd179d9b-8056-40c1-ae63-0fd62059ceec",
              "parentUUID": "a03d7fb5-29d6-4865-ab2b-b78625149c5a",
              "isHook": false,
              "skipped": false
            }
          ],
          "suites": [],
          "passes": [
            "fd179d9b-8056-40c1-ae63-0fd62059ceec"
          ],
          "failures": [],
          "pending": [],
          "skipped": [],
          "duration": 486,
          "root": false,
          "rootEmpty": false,
          "_timeout": 2000
        }
      ],
      "passes": [],
      "failures": [],
      "pending": [],
      "skipped": [],
      "duration": 0,
      "root": true,
      "rootEmpty": true,
      "_timeout": 2000
    }
  ],
  "meta": {
    "mocha": {
      "version": "7.2.0"
    },
    "mochawesome": {
      "options": {
        "quiet": false,
        "reportFilename": "mochawesome",
        "saveHtml": true,
        "saveJson": true,
        "consoleReporter": "spec",
        "useInlineDiffs": false,
        "code": true
      },
      "version": "7.1.3"
    },
    "marge": {
      "options": {
        "reportDir": "cypress/reports",
        "overwrite": false,
        "html": true,
        "json": true
      },
      "version": "6.2.0"
    }
  }
}