{
  "stats": {
    "suites": 1,
    "tests": 1,
    "passes": 1,
    "pending": 0,
    "failures": 0,
    "start": "2025-08-29T07:38:16.775Z",
    "end": "2025-08-29T07:38:18.721Z",
    "duration": 1946,
    "testsRegistered": 1,
    "passPercent": 100,
    "pendingPercent": 0,
    "other": 0,
    "hasOther": false,
    "skipped": 0,
    "hasSkipped": false
  },
  "results": [
    {
      "uuid": "1b663e9c-ed77-47d4-b7fa-599009499d71",
      "title": "",
      "fullFile": "cypress/e2e/fixture-user.cy.js",
      "file": "cypress/e2e/fixture-user.cy.js",
      "beforeHooks": [],
      "afterHooks": [],
      "tests": [],
      "suites": [
        {
          "uuid": "4555f108-0f82-408a-ac65-5ff5362b2b7d",
          "title": "Fixture example, use login data",
          "fullFile": "",
          "file": "",
          "beforeHooks": [],
          "afterHooks": [],
          "tests": [
            {
              "title": "load user data from fixture",
              "fullTitle": "Fixture example, use login data load user data from fixture",
              "timedOut": null,
              "duration": 919,
              "state": "passed",
              "speed": "fast",
              "pass": true,
              "fail": false,
              "pending": false,
              "context": null,
              "code": "cy.visit('https://example.cypress.io/commands/actions');\ncy.fixture('user').then(user => {\n  cy.get('#email1').type(user.email).should('have.value', user.email);\n  cy.get('#password1').type(user.password).should('have.value', user.password);\n});",
              "err": {},
              "uuid": "7e7fa709-a16c-4794-98f2-b8cfae4ab272",
              "parentUUID": "4555f108-0f82-408a-ac65-5ff5362b2b7d",
              "isHook": false,
              "skipped": false
            }
          ],
          "suites": [],
          "passes": [
            "7e7fa709-a16c-4794-98f2-b8cfae4ab272"
          ],
          "failures": [],
          "pending": [],
          "skipped": [],
          "duration": 919,
          "root": false,
          "rootEmpty": false,
          "_timeout": 2000
        }
      ],
      "passes": [],
      "failures": [],
      "pending": [],
      "skipped": [],
      "duration": 0,
      "root": true,
      "rootEmpty": true,
      "_timeout": 2000
    }
  ],
  "meta": {
    "mocha": {
      "version": "7.2.0"
    },
    "mochawesome": {
      "options": {
        "quiet": false,
        "reportFilename": "mochawesome",
        "saveHtml": true,
        "saveJson": true,
        "consoleReporter": "spec",
        "useInlineDiffs": false,
        "code": true
      },
      "version": "7.1.3"
    },
    "marge": {
      "options": {
        "reportDir": "cypress/reports",
        "overwrite": false,
        "html": true,
        "json": true
      },
      "version": "6.2.0"
    }
  }
}