{
  "stats": {
    "suites": 1,
    "tests": 1,
    "passes": 1,
    "pending": 0,
    "failures": 0,
    "start": "2025-08-29T07:39:00.893Z",
    "end": "2025-08-29T07:39:06.693Z",
    "duration": 5800,
    "testsRegistered": 1,
    "passPercent": 100,
    "pendingPercent": 0,
    "other": 0,
    "hasOther": false,
    "skipped": 0,
    "hasSkipped": false
  },
  "results": [
    {
      "uuid": "7fc253cb-87d5-4920-9ded-7d7cecaa8df0",
      "title": "",
      "fullFile": "cypress/e2e/test_pause-and-debyg.cy.js",
      "file": "cypress/e2e/test_pause-and-debyg.cy.js",
      "beforeHooks": [],
      "afterHooks": [],
      "tests": [],
      "suites": [
        {
          "uuid": "eafc7dfd-ef7a-4050-9010-abfb0ca97d16",
          "title": "Debug and screenshots example",
          "fullFile": "",
          "file": "",
          "beforeHooks": [],
          "afterHooks": [],
          "tests": [
            {
              "title": "logs, debugs and takes screenshots",
              "fullTitle": "Debug and screenshots example logs, debugs and takes screenshots",
              "timedOut": null,
              "duration": 4805,
              "state": "passed",
              "speed": "fast",
              "pass": true,
              "fail": false,
              "pending": false,
              "context": null,
              "code": "cy.visit('https://example.cypress.io/commands/actions');\ncy.get('#couponCode1').type('HELLO-CYPRESS').should('have.value', 'HELLO-CYPRESS').then($input => {\n  cy.log('Typed value: ' + $input.val());\n});\ncy.get('#couponCode1').debug();\ncy.screenshot('full-page');\ncy.get('#couponCode1').screenshot('coupon-input');",
              "err": {},
              "uuid": "ac49296d-0e3d-4939-80a4-778e0606c3de",
              "parentUUID": "eafc7dfd-ef7a-4050-9010-abfb0ca97d16",
              "isHook": false,
              "skipped": false
            }
          ],
          "suites": [],
          "passes": [
            "ac49296d-0e3d-4939-80a4-778e0606c3de"
          ],
          "failures": [],
          "pending": [],
          "skipped": [],
          "duration": 4805,
          "root": false,
          "rootEmpty": false,
          "_timeout": 2000
        }
      ],
      "passes": [],
      "failures": [],
      "pending": [],
      "skipped": [],
      "duration": 0,
      "root": true,
      "rootEmpty": true,
      "_timeout": 2000
    }
  ],
  "meta": {
    "mocha": {
      "version": "7.2.0"
    },
    "mochawesome": {
      "options": {
        "quiet": false,
        "reportFilename": "mochawesome",
        "saveHtml": true,
        "saveJson": true,
        "consoleReporter": "spec",
        "useInlineDiffs": false,
        "code": true
      },
      "version": "7.1.3"
    },
    "marge": {
      "options": {
        "reportDir": "cypress/reports",
        "overwrite": false,
        "html": true,
        "json": true
      },
      "version": "6.2.0"
    }
  }
}