{
  "stats": {
    "suites": 1,
    "tests": 1,
    "passes": 1,
    "pending": 0,
    "failures": 0,
    "start": "2025-08-29T07:38:37.773Z",
    "end": "2025-08-29T07:38:39.189Z",
    "duration": 1416,
    "testsRegistered": 1,
    "passPercent": 100,
    "pendingPercent": 0,
    "other": 0,
    "hasOther": false,
    "skipped": 0,
    "hasSkipped": false
  },
  "results": [
    {
      "uuid": "0bcfd143-13c5-476b-b97f-807ef4944c83",
      "title": "",
      "fullFile": "cypress/e2e/network-stub.cy.js",
      "file": "cypress/e2e/network-stub.cy.js",
      "beforeHooks": [],
      "afterHooks": [],
      "tests": [],
      "suites": [
        {
          "uuid": "222b9e68-4fce-4482-b4a5-fe694ca35f76",
          "title": "Network requests - stubbed error",
          "fullFile": "",
          "file": "",
          "beforeHooks": [],
          "afterHooks": [],
          "tests": [
            {
              "title": "stubs POST /comments with 500 and validates via alias + minimal UI",
              "fullTitle": "Network requests - stubbed error stubs POST /comments with 500 and validates via alias + minimal UI",
              "timedOut": null,
              "duration": 274,
              "state": "passed",
              "speed": "fast",
              "pass": true,
              "fail": false,
              "pending": false,
              "context": null,
              "code": "// 1) Wejście na stronę i sanity-check nagłówka\ncy.visit('https://example.cypress.io/commands/network-requests');\ncy.get('h1', {\n  timeout: 10000\n}).should('contain.text', 'Network Requests');\n// 2) Stub POST /comments → 500 (kontrolujemy backend)\ncy.intercept('POST', /\\/comments$/, {\n  statusCode: 500,\n  body: {}\n}).as('postStub');\n// 3) Klik w \"Post Comment\" po upewnieniu się, że widać przycisk\ncy.contains('Post Comment', {\n  timeout: 10000\n}).scrollIntoView().should('be.visible').click();\n// 4) Czekamy na alias i asercja statusu (to jest źródło prawdy)\ncy.wait('@postStub', {\n  timeout: 10000\n}).its('response.statusCode').should('eq', 500);\n// 5) UI: demo nie pokazuje treści dla 500, więc tylko istnienie kontenera\ncy.get('.network-post-comment', {\n  timeout: 10000\n}).should('exist');",
              "err": {},
              "uuid": "04588c31-a5eb-4706-be50-bbd34e0e0140",
              "parentUUID": "222b9e68-4fce-4482-b4a5-fe694ca35f76",
              "isHook": false,
              "skipped": false
            }
          ],
          "suites": [],
          "passes": [
            "04588c31-a5eb-4706-be50-bbd34e0e0140"
          ],
          "failures": [],
          "pending": [],
          "skipped": [],
          "duration": 274,
          "root": false,
          "rootEmpty": false,
          "_timeout": 2000
        }
      ],
      "passes": [],
      "failures": [],
      "pending": [],
      "skipped": [],
      "duration": 0,
      "root": true,
      "rootEmpty": true,
      "_timeout": 2000
    }
  ],
  "meta": {
    "mocha": {
      "version": "7.2.0"
    },
    "mochawesome": {
      "options": {
        "quiet": false,
        "reportFilename": "mochawesome",
        "saveHtml": true,
        "saveJson": true,
        "consoleReporter": "spec",
        "useInlineDiffs": false,
        "code": true
      },
      "version": "7.1.3"
    },
    "marge": {
      "options": {
        "reportDir": "cypress/reports",
        "overwrite": false,
        "html": true,
        "json": true
      },
      "version": "6.2.0"
    }
  }
}