{
  "stats": {
    "suites": 1,
    "tests": 1,
    "passes": 1,
    "pending": 0,
    "failures": 0,
    "start": "2025-08-29T07:38:09.420Z",
    "end": "2025-08-29T07:38:11.766Z",
    "duration": 2346,
    "testsRegistered": 1,
    "passPercent": 100,
    "pendingPercent": 0,
    "other": 0,
    "hasOther": false,
    "skipped": 0,
    "hasSkipped": false
  },
  "results": [
    {
      "uuid": "5340ab7a-14e3-4bab-b7e1-1480833bb6b8",
      "title": "",
      "fullFile": "cypress/e2e/fixture-faker-alias.cy.js",
      "file": "cypress/e2e/fixture-faker-alias.cy.js",
      "beforeHooks": [],
      "afterHooks": [],
      "tests": [],
      "suites": [
        {
          "uuid": "2a638711-23ee-425a-875e-7ff9a10d7dc6",
          "title": "Fixture + Faker with beforeEach alias",
          "fullFile": "",
          "file": "",
          "beforeHooks": [],
          "afterHooks": [],
          "tests": [
            {
              "title": "fills form with email from fixture and password from faker",
              "fullTitle": "Fixture + Faker with beforeEach alias fills form with email from fixture and password from faker",
              "timedOut": null,
              "duration": 881,
              "state": "passed",
              "speed": "fast",
              "pass": true,
              "fail": false,
              "pending": false,
              "context": null,
              "code": "cy.visit('https://example.cypress.io/commands/actions');\ncy.get('#email1').type(this.userData.email).should('have.value', this.userData.email);\ncy.get('#password1').type(this.randomPassword).should('have.value', this.randomPassword);\nexpect(this.randomPassword.length).to.be.greaterThan(7);",
              "err": {},
              "uuid": "2940561c-f946-427c-9f8c-45fb6356378f",
              "parentUUID": "2a638711-23ee-425a-875e-7ff9a10d7dc6",
              "isHook": false,
              "skipped": false
            }
          ],
          "suites": [],
          "passes": [
            "2940561c-f946-427c-9f8c-45fb6356378f"
          ],
          "failures": [],
          "pending": [],
          "skipped": [],
          "duration": 881,
          "root": false,
          "rootEmpty": false,
          "_timeout": 2000
        }
      ],
      "passes": [],
      "failures": [],
      "pending": [],
      "skipped": [],
      "duration": 0,
      "root": true,
      "rootEmpty": true,
      "_timeout": 2000
    }
  ],
  "meta": {
    "mocha": {
      "version": "7.2.0"
    },
    "mochawesome": {
      "options": {
        "quiet": false,
        "reportFilename": "mochawesome",
        "saveHtml": true,
        "saveJson": true,
        "consoleReporter": "spec",
        "useInlineDiffs": false,
        "code": true
      },
      "version": "7.1.3"
    },
    "marge": {
      "options": {
        "reportDir": "cypress/reports",
        "overwrite": false,
        "html": true,
        "json": true
      },
      "version": "6.2.0"
    }
  }
}