{
  "stats": {
    "suites": 1,
    "tests": 1,
    "passes": 1,
    "pending": 0,
    "failures": 0,
    "start": "2025-08-29T07:38:13.377Z",
    "end": "2025-08-29T07:38:15.731Z",
    "duration": 2354,
    "testsRegistered": 1,
    "passPercent": 100,
    "pendingPercent": 0,
    "other": 0,
    "hasOther": false,
    "skipped": 0,
    "hasSkipped": false
  },
  "results": [
    {
      "uuid": "e373c2c7-23c3-4fa3-9bdf-3502b7475926",
      "title": "",
      "fullFile": "cypress/e2e/fixture-faker.cy.js",
      "file": "cypress/e2e/fixture-faker.cy.js",
      "beforeHooks": [],
      "afterHooks": [],
      "tests": [],
      "suites": [
        {
          "uuid": "57ca0409-349a-429c-a67b-4b17784590ac",
          "title": "fixture + Faker example",
          "fullFile": "",
          "file": "",
          "beforeHooks": [],
          "afterHooks": [],
          "tests": [
            {
              "title": "uses email from fixture and password from faker",
              "fullTitle": "fixture + Faker example uses email from fixture and password from faker",
              "timedOut": null,
              "duration": 957,
              "state": "passed",
              "speed": "fast",
              "pass": true,
              "fail": false,
              "pending": false,
              "context": null,
              "code": "cy.visit('https://example.cypress.io/commands/actions');\ncy.fixture('user').then(user => {\n  cy.get('#email1').type(user.email).should('have.value', user.email);\n  const password = _faker.faker.internet.password({\n    length: 10\n  });\n  cy.get('#password1').type(password).should('have.value', password);\n  expect(password.length).to.be.greaterThan(8);\n});",
              "err": {},
              "uuid": "f33e438e-9de4-4283-b7c1-968050c44318",
              "parentUUID": "57ca0409-349a-429c-a67b-4b17784590ac",
              "isHook": false,
              "skipped": false
            }
          ],
          "suites": [],
          "passes": [
            "f33e438e-9de4-4283-b7c1-968050c44318"
          ],
          "failures": [],
          "pending": [],
          "skipped": [],
          "duration": 957,
          "root": false,
          "rootEmpty": false,
          "_timeout": 2000
        }
      ],
      "passes": [],
      "failures": [],
      "pending": [],
      "skipped": [],
      "duration": 0,
      "root": true,
      "rootEmpty": true,
      "_timeout": 2000
    }
  ],
  "meta": {
    "mocha": {
      "version": "7.2.0"
    },
    "mochawesome": {
      "options": {
        "quiet": false,
        "reportFilename": "mochawesome",
        "saveHtml": true,
        "saveJson": true,
        "consoleReporter": "spec",
        "useInlineDiffs": false,
        "code": true
      },
      "version": "7.1.3"
    },
    "marge": {
      "options": {
        "reportDir": "cypress/reports",
        "overwrite": false,
        "html": true,
        "json": true
      },
      "version": "6.2.0"
    }
  }
}