{
  "stats": {
    "suites": 1,
    "tests": 1,
    "passes": 1,
    "pending": 1,
    "failures": -1,
    "start": "2025-08-29T07:38:45.198Z",
    "end": "2025-08-29T07:38:46.714Z",
    "duration": 1516,
    "testsRegistered": 2,
    "passPercent": 100,
    "pendingPercent": 50,
    "other": 1,
    "hasOther": true,
    "skipped": 0,
    "hasSkipped": false
  },
  "results": [
    {
      "uuid": "20c7381a-ee68-4aff-aea3-08ba884893c2",
      "title": "",
      "fullFile": "cypress/e2e/stability-antipatterns.cy.js",
      "file": "cypress/e2e/stability-antipatterns.cy.js",
      "beforeHooks": [],
      "afterHooks": [],
      "tests": [],
      "suites": [
        {
          "uuid": "386f0364-69ec-4954-a576-582409019d32",
          "title": "Stabilit: anit-patern",
          "fullFile": "",
          "file": "",
          "beforeHooks": [],
          "afterHooks": [],
          "tests": [
            {
              "title": "bad habits (expected to be flaky)",
              "fullTitle": "Stabilit: anit-patern bad habits (expected to be flaky)",
              "timedOut": null,
              "duration": 0,
              "state": "pending",
              "speed": null,
              "pass": false,
              "fail": false,
              "pending": true,
              "context": null,
              "code": "cy.visit('https://example.cypress.io');\ncy.wait(2000);\ncy.get('ul li:nth-child(3) a').click();\ncy.get('.non-existent-or-hidden-button').click({\n  force: true\n});\ncy.get('#email1').then($el => {\n  expect($el.val()).to.equal('stable@example.com');\n});",
              "err": {},
              "uuid": "340af5c9-e13c-497d-93e1-9b8b2004dda5",
              "parentUUID": "386f0364-69ec-4954-a576-582409019d32",
              "isHook": false,
              "skipped": false
            },
            {
              "title": "good habits (stable version",
              "fullTitle": "Stabilit: anit-patern good habits (stable version",
              "timedOut": null,
              "duration": 489,
              "state": "passed",
              "speed": "fast",
              "pass": true,
              "fail": false,
              "pending": false,
              "context": null,
              "code": "cy.visit('https://example.cypress.io');\ncy.contains('type', {\n  timeout: 10000\n}).scrollIntoView().should('be.visible').click();\ncy.url().should('include', '/commands/actions');\ncy.get('#email1').should('not.be.disabled').and('be.visible').type('email@example.com', {\n  delay: 0\n}).should('have.value', 'email@example.com');",
              "err": {},
              "uuid": "d7f05d11-e84e-496b-9df3-fdb3eede5263",
              "parentUUID": "386f0364-69ec-4954-a576-582409019d32",
              "isHook": false,
              "skipped": false
            }
          ],
          "suites": [],
          "passes": [
            "d7f05d11-e84e-496b-9df3-fdb3eede5263"
          ],
          "failures": [],
          "pending": [
            "340af5c9-e13c-497d-93e1-9b8b2004dda5"
          ],
          "skipped": [],
          "duration": 489,
          "root": false,
          "rootEmpty": false,
          "_timeout": 2000
        }
      ],
      "passes": [],
      "failures": [],
      "pending": [],
      "skipped": [],
      "duration": 0,
      "root": true,
      "rootEmpty": true,
      "_timeout": 2000
    }
  ],
  "meta": {
    "mocha": {
      "version": "7.2.0"
    },
    "mochawesome": {
      "options": {
        "quiet": false,
        "reportFilename": "mochawesome",
        "saveHtml": true,
        "saveJson": true,
        "consoleReporter": "spec",
        "useInlineDiffs": false,
        "code": true
      },
      "version": "7.1.3"
    },
    "marge": {
      "options": {
        "reportDir": "cypress/reports",
        "overwrite": false,
        "html": true,
        "json": true
      },
      "version": "6.2.0"
    }
  }
}