{
  "stats": {
    "suites": 1,
    "tests": 1,
    "passes": 1,
    "pending": 0,
    "failures": 0,
    "start": "2025-08-29T07:37:59.852Z",
    "end": "2025-08-29T07:38:02.167Z",
    "duration": 2315,
    "testsRegistered": 1,
    "passPercent": 100,
    "pendingPercent": 0,
    "other": 0,
    "hasOther": false,
    "skipped": 0,
    "hasSkipped": false
  },
  "results": [
    {
      "uuid": "c27cacec-eb71-4c3f-bff9-7fc6163ae3d9",
      "title": "",
      "fullFile": "cypress/e2e/faker-user.cy.js",
      "file": "cypress/e2e/faker-user.cy.js",
      "beforeHooks": [],
      "afterHooks": [],
      "tests": [],
      "suites": [
        {
          "uuid": "22837e6a-9fb5-4a55-899c-d12772e45708",
          "title": "Dynamic data with faker",
          "fullFile": "",
          "file": "",
          "beforeHooks": [],
          "afterHooks": [],
          "tests": [
            {
              "title": "generate random email and password and fill the form",
              "fullTitle": "Dynamic data with faker generate random email and password and fill the form",
              "timedOut": null,
              "duration": 900,
              "state": "passed",
              "speed": "fast",
              "pass": true,
              "fail": false,
              "pending": false,
              "context": null,
              "code": "const email = _faker.faker.internet.email();\nconst password = _faker.faker.internet.password();\ncy.visit('https://example.cypress.io/commands/actions');\ncy.get('#email1').type(email).should('have.value', email);\ncy.get('#password1').type(password).should('have.value', password);",
              "err": {},
              "uuid": "b303b64e-848b-49a7-af4b-0832888b95d7",
              "parentUUID": "22837e6a-9fb5-4a55-899c-d12772e45708",
              "isHook": false,
              "skipped": false
            }
          ],
          "suites": [],
          "passes": [
            "b303b64e-848b-49a7-af4b-0832888b95d7"
          ],
          "failures": [],
          "pending": [],
          "skipped": [],
          "duration": 900,
          "root": false,
          "rootEmpty": false,
          "_timeout": 2000
        }
      ],
      "passes": [],
      "failures": [],
      "pending": [],
      "skipped": [],
      "duration": 0,
      "root": true,
      "rootEmpty": true,
      "_timeout": 2000
    }
  ],
  "meta": {
    "mocha": {
      "version": "7.2.0"
    },
    "mochawesome": {
      "options": {
        "quiet": false,
        "reportFilename": "mochawesome",
        "saveHtml": true,
        "saveJson": true,
        "consoleReporter": "spec",
        "useInlineDiffs": false,
        "code": true
      },
      "version": "7.1.3"
    },
    "marge": {
      "options": {
        "reportDir": "cypress/reports",
        "overwrite": false,
        "html": true,
        "json": true
      },
      "version": "6.2.0"
    }
  }
}