{
  "stats": {
    "suites": 1,
    "tests": 3,
    "passes": 3,
    "pending": 0,
    "failures": 0,
    "start": "2025-08-29T07:37:29.780Z",
    "end": "2025-08-29T07:37:32.155Z",
    "duration": 2375,
    "testsRegistered": 3,
    "passPercent": 100,
    "pendingPercent": 0,
    "other": 0,
    "hasOther": false,
    "skipped": 0,
    "hasSkipped": false
  },
  "results": [
    {
      "uuid": "ef8354bf-ca34-4cf2-a197-eeaee4a9e760",
      "title": "",
      "fullFile": "cypress/e2e/beforeEach-example.cy.js",
      "file": "cypress/e2e/beforeEach-example.cy.js",
      "beforeHooks": [],
      "afterHooks": [],
      "tests": [],
      "suites": [
        {
          "uuid": "a8f83007-b0a3-40cf-a731-8bf13377ca46",
          "title": "Test with beforeEach",
          "fullFile": "",
          "file": "",
          "beforeHooks": [],
          "afterHooks": [],
          "tests": [
            {
              "title": "Type email check value contains @",
              "fullTitle": "Test with beforeEach Type email check value contains @",
              "timedOut": null,
              "duration": 535,
              "state": "passed",
              "speed": "fast",
              "pass": true,
              "fail": false,
              "pending": false,
              "context": null,
              "code": "cy.get('#email1').type('email@example.com').should('have.value', 'email@example.com').invoke('val').and('contain', '@');",
              "err": {},
              "uuid": "5e12e8cb-56cd-468b-a41b-746c43dd6ab2",
              "parentUUID": "a8f83007-b0a3-40cf-a731-8bf13377ca46",
              "isHook": false,
              "skipped": false
            },
            {
              "title": "Type wrong email and check it does not contain @",
              "fullTitle": "Test with beforeEach Type wrong email and check it does not contain @",
              "timedOut": null,
              "duration": 465,
              "state": "passed",
              "speed": "fast",
              "pass": true,
              "fail": false,
              "pending": false,
              "context": null,
              "code": "cy.get('#email1').type('emailexample.com').invoke('val').should('not.contain', '@');",
              "err": {},
              "uuid": "2798b30b-8cd3-4ae0-95ba-257874979de0",
              "parentUUID": "a8f83007-b0a3-40cf-a731-8bf13377ca46",
              "isHook": false,
              "skipped": false
            },
            {
              "title": "Type coupon code and check length",
              "fullTitle": "Test with beforeEach Type coupon code and check length",
              "timedOut": null,
              "duration": 286,
              "state": "passed",
              "speed": "fast",
              "pass": true,
              "fail": false,
              "pending": false,
              "context": null,
              "code": "cy.get('#couponCode1').type('12345').should('have.value', '12345').invoke('val').and('have.length', 5);",
              "err": {},
              "uuid": "a4ed04a6-77f2-4f94-98c5-74ccb87952a7",
              "parentUUID": "a8f83007-b0a3-40cf-a731-8bf13377ca46",
              "isHook": false,
              "skipped": false
            }
          ],
          "suites": [],
          "passes": [
            "5e12e8cb-56cd-468b-a41b-746c43dd6ab2",
            "2798b30b-8cd3-4ae0-95ba-257874979de0",
            "a4ed04a6-77f2-4f94-98c5-74ccb87952a7"
          ],
          "failures": [],
          "pending": [],
          "skipped": [],
          "duration": 1286,
          "root": false,
          "rootEmpty": false,
          "_timeout": 2000
        }
      ],
      "passes": [],
      "failures": [],
      "pending": [],
      "skipped": [],
      "duration": 0,
      "root": true,
      "rootEmpty": true,
      "_timeout": 2000
    }
  ],
  "meta": {
    "mocha": {
      "version": "7.2.0"
    },
    "mochawesome": {
      "options": {
        "quiet": false,
        "reportFilename": "mochawesome",
        "saveHtml": true,
        "saveJson": true,
        "consoleReporter": "spec",
        "useInlineDiffs": false,
        "code": true
      },
      "version": "7.1.3"
    },
    "marge": {
      "options": {
        "reportDir": "cypress/reports",
        "overwrite": false,
        "html": true,
        "json": true
      },
      "version": "6.2.0"
    }
  }
}