{
  "stats": {
    "suites": 1,
    "tests": 1,
    "passes": 1,
    "pending": 0,
    "failures": 0,
    "start": "2025-08-29T07:39:07.707Z",
    "end": "2025-08-29T07:39:09.288Z",
    "duration": 1581,
    "testsRegistered": 1,
    "passPercent": 100,
    "pendingPercent": 0,
    "other": 0,
    "hasOther": false,
    "skipped": 0,
    "hasSkipped": false
  },
  "results": [
    {
      "uuid": "7accb9f3-edfc-46e2-ad39-68a038c8ad54",
      "title": "",
      "fullFile": "cypress/e2e/test_should.cy.js",
      "file": "cypress/e2e/test_should.cy.js",
      "beforeHooks": [],
      "afterHooks": [],
      "tests": [],
      "suites": [
        {
          "uuid": "bca3f11e-096e-4022-b0f3-5c845fc1da5c",
          "title": "Should Example",
          "fullFile": "",
          "file": "",
          "beforeHooks": [],
          "afterHooks": [],
          "tests": [
            {
              "title": "Check if element is visible",
              "fullTitle": "Should Example Check if element is visible",
              "timedOut": null,
              "duration": 532,
              "state": "passed",
              "speed": "fast",
              "pass": true,
              "fail": false,
              "pending": false,
              "context": null,
              "code": "cy.visit('https://example.cypress.io/commands/actions');\ncy.get('#password1').should('be.visible').type('Password123@').should('have.value', 'Password123@');",
              "err": {},
              "uuid": "738500f7-b72e-40f7-8cb3-1da34e7cba23",
              "parentUUID": "bca3f11e-096e-4022-b0f3-5c845fc1da5c",
              "isHook": false,
              "skipped": false
            }
          ],
          "suites": [],
          "passes": [
            "738500f7-b72e-40f7-8cb3-1da34e7cba23"
          ],
          "failures": [],
          "pending": [],
          "skipped": [],
          "duration": 532,
          "root": false,
          "rootEmpty": false,
          "_timeout": 2000
        }
      ],
      "passes": [],
      "failures": [],
      "pending": [],
      "skipped": [],
      "duration": 0,
      "root": true,
      "rootEmpty": true,
      "_timeout": 2000
    }
  ],
  "meta": {
    "mocha": {
      "version": "7.2.0"
    },
    "mochawesome": {
      "options": {
        "quiet": false,
        "reportFilename": "mochawesome",
        "saveHtml": true,
        "saveJson": true,
        "consoleReporter": "spec",
        "useInlineDiffs": false,
        "code": true
      },
      "version": "7.1.3"
    },
    "marge": {
      "options": {
        "reportDir": "cypress/reports",
        "overwrite": false,
        "html": true,
        "json": true
      },
      "version": "6.2.0"
    }
  }
}