{
  "stats": {
    "suites": 1,
    "tests": 1,
    "passes": 1,
    "pending": 0,
    "failures": 0,
    "start": "2025-08-29T07:38:50.979Z",
    "end": "2025-08-29T07:38:52.509Z",
    "duration": 1530,
    "testsRegistered": 1,
    "passPercent": 100,
    "pendingPercent": 0,
    "other": 0,
    "hasOther": false,
    "skipped": 0,
    "hasSkipped": false
  },
  "results": [
    {
      "uuid": "b4e4f821-d673-40b5-977d-728ea6343ba4",
      "title": "",
      "fullFile": "cypress/e2e/stability-timeout-example.cy.js",
      "file": "cypress/e2e/stability-timeout-example.cy.js",
      "beforeHooks": [],
      "afterHooks": [],
      "tests": [],
      "suites": [
        {
          "uuid": "508922c9-1eac-4ac7-868e-84b6e9f129c9",
          "title": "Stability: timeouts and retries",
          "fullFile": "",
          "file": "",
          "beforeHooks": [],
          "afterHooks": [],
          "tests": [
            {
              "title": "navigates without hard waits and asserts with custom timeouts",
              "fullTitle": "Stability: timeouts and retries navigates without hard waits and asserts with custom timeouts",
              "timedOut": null,
              "duration": 501,
              "state": "passed",
              "speed": "fast",
              "pass": true,
              "fail": false,
              "pending": false,
              "context": null,
              "code": "cy.visit('https://example.cypress.io');\ncy.contains('type', {\n  timeout: 10000\n}).click();\ncy.url().should('include', '/commands/actions');\ncy.get('h1', {\n  timeout: 10000\n}).should('contain.text', 'Actions');\ncy.get('#email1', {\n  timeout: 10000\n}).should('be.visible').and('not.be.disabled');\ncy.get('#email1').type('stable@example.com', {\n  delay: 0\n}).should('have.value', 'stable@example.com');",
              "err": {},
              "uuid": "7cb89f89-b5cb-491f-9cfa-40e8d835d1d9",
              "parentUUID": "508922c9-1eac-4ac7-868e-84b6e9f129c9",
              "isHook": false,
              "skipped": false
            }
          ],
          "suites": [],
          "passes": [
            "7cb89f89-b5cb-491f-9cfa-40e8d835d1d9"
          ],
          "failures": [],
          "pending": [],
          "skipped": [],
          "duration": 501,
          "root": false,
          "rootEmpty": false,
          "_timeout": 2000
        }
      ],
      "passes": [],
      "failures": [],
      "pending": [],
      "skipped": [],
      "duration": 0,
      "root": true,
      "rootEmpty": true,
      "_timeout": 2000
    }
  ],
  "meta": {
    "mocha": {
      "version": "7.2.0"
    },
    "mochawesome": {
      "options": {
        "quiet": false,
        "reportFilename": "mochawesome",
        "saveHtml": true,
        "saveJson": true,
        "consoleReporter": "spec",
        "useInlineDiffs": false,
        "code": true
      },
      "version": "7.1.3"
    },
    "marge": {
      "options": {
        "reportDir": "cypress/reports",
        "overwrite": false,
        "html": true,
        "json": true
      },
      "version": "6.2.0"
    }
  }
}