{
  "stats": {
    "suites": 1,
    "tests": 4,
    "passes": 4,
    "pending": 0,
    "failures": 0,
    "start": "2025-08-29T07:37:16.531Z",
    "end": "2025-08-29T07:37:19.649Z",
    "duration": 3118,
    "testsRegistered": 4,
    "passPercent": 100,
    "pendingPercent": 0,
    "other": 0,
    "hasOther": false,
    "skipped": 0,
    "hasSkipped": false
  },
  "results": [
    {
      "uuid": "286e996f-7d07-4c7d-bf10-82bd225365b4",
      "title": "",
      "fullFile": "cypress/e2e/actions-page.cy.js",
      "file": "cypress/e2e/actions-page.cy.js",
      "beforeHooks": [],
      "afterHooks": [],
      "tests": [],
      "suites": [
        {
          "uuid": "a88bbfc6-3676-4e74-82a4-b402b921d52b",
          "title": "Page Object example - Actions page",
          "fullFile": "",
          "file": "",
          "beforeHooks": [],
          "afterHooks": [],
          "tests": [
            {
              "title": "fill form using Page Object",
              "fullTitle": "Page Object example - Actions page fill form using Page Object",
              "timedOut": null,
              "duration": 1074,
              "state": "passed",
              "speed": "fast",
              "pass": true,
              "fail": false,
              "pending": false,
              "context": null,
              "code": "actionsPage.fillCredentials(this.userData.email, this.randomPassword);\nexpect(this.randomPassword.length).to.be.greaterThan(7);\nactionsPage.submitForm();\nactionsPage.checkSubmitButton();",
              "err": {},
              "uuid": "d8b7eced-a8c4-4846-a547-5b0b5bed8dea",
              "parentUUID": "a88bbfc6-3676-4e74-82a4-b402b921d52b",
              "isHook": false,
              "skipped": false
            },
            {
              "title": "should detect Submit button is enabled by default",
              "fullTitle": "Page Object example - Actions page should detect Submit button is enabled by default",
              "timedOut": null,
              "duration": 248,
              "state": "passed",
              "speed": "fast",
              "pass": true,
              "fail": false,
              "pending": false,
              "context": null,
              "code": "actionsPage.isSubmitDisabled().then(disabled => {\n  expect(disabled).to.be.false;\n});",
              "err": {},
              "uuid": "f57bda37-447d-45e4-898f-56f226c268e3",
              "parentUUID": "a88bbfc6-3676-4e74-82a4-b402b921d52b",
              "isHook": false,
              "skipped": false
            },
            {
              "title": "should detect Submit button is disabled after simulation",
              "fullTitle": "Page Object example - Actions page should detect Submit button is disabled after simulation",
              "timedOut": null,
              "duration": 84,
              "state": "passed",
              "speed": "fast",
              "pass": true,
              "fail": false,
              "pending": false,
              "context": null,
              "code": "actionsPage.disabledSubmit();\nactionsPage.isSubmitDisabled().then(disabled => {\n  expect(disabled).to.be.true;\n});",
              "err": {},
              "uuid": "0948c4a1-c79b-41aa-ba92-73d6f593c6a6",
              "parentUUID": "a88bbfc6-3676-4e74-82a4-b402b921d52b",
              "isHook": false,
              "skipped": false
            },
            {
              "title": "should enable Submit button after disabling it",
              "fullTitle": "Page Object example - Actions page should enable Submit button after disabling it",
              "timedOut": null,
              "duration": 92,
              "state": "passed",
              "speed": "fast",
              "pass": true,
              "fail": false,
              "pending": false,
              "context": null,
              "code": "actionsPage.disabledSubmit();\nactionsPage.isSubmitDisabled().then(disabled => {\n  expect(disabled).to.be.true;\n});\nactionsPage.enableSubmit();\nactionsPage.isSubmitDisabled().then(disabled => {\n  expect(disabled).to.be.false;\n});",
              "err": {},
              "uuid": "522a39b3-ff39-4dde-b2f3-54b0e0cde61b",
              "parentUUID": "a88bbfc6-3676-4e74-82a4-b402b921d52b",
              "isHook": false,
              "skipped": false
            }
          ],
          "suites": [],
          "passes": [
            "d8b7eced-a8c4-4846-a547-5b0b5bed8dea",
            "f57bda37-447d-45e4-898f-56f226c268e3",
            "0948c4a1-c79b-41aa-ba92-73d6f593c6a6",
            "522a39b3-ff39-4dde-b2f3-54b0e0cde61b"
          ],
          "failures": [],
          "pending": [],
          "skipped": [],
          "duration": 1498,
          "root": false,
          "rootEmpty": false,
          "_timeout": 2000
        }
      ],
      "passes": [],
      "failures": [],
      "pending": [],
      "skipped": [],
      "duration": 0,
      "root": true,
      "rootEmpty": true,
      "_timeout": 2000
    }
  ],
  "meta": {
    "mocha": {
      "version": "7.2.0"
    },
    "mochawesome": {
      "options": {
        "quiet": false,
        "reportFilename": "mochawesome",
        "saveHtml": true,
        "saveJson": true,
        "consoleReporter": "spec",
        "useInlineDiffs": false,
        "code": true
      },
      "version": "7.1.3"
    },
    "marge": {
      "options": {
        "reportDir": "cypress/reports",
        "overwrite": false,
        "html": true,
        "json": true
      },
      "version": "6.2.0"
    }
  }
}