{
  "stats": {
    "suites": 1,
    "tests": 1,
    "passes": 1,
    "pending": 0,
    "failures": 0,
    "start": "2025-08-29T07:37:55.892Z",
    "end": "2025-08-29T07:37:58.232Z",
    "duration": 2340,
    "testsRegistered": 1,
    "passPercent": 100,
    "pendingPercent": 0,
    "other": 0,
    "hasOther": false,
    "skipped": 0,
    "hasSkipped": false
  },
  "results": [
    {
      "uuid": "5950f208-289f-4c03-8976-ea46c217134e",
      "title": "",
      "fullFile": "cypress/e2e/faker-negative.cy.js",
      "file": "cypress/e2e/faker-negative.cy.js",
      "beforeHooks": [],
      "afterHooks": [],
      "tests": [],
      "suites": [
        {
          "uuid": "18fad82d-c5d9-487c-b86a-f60142e36e5e",
          "title": "Negative test with faker data",
          "fullFile": "",
          "file": "",
          "beforeHooks": [],
          "afterHooks": [],
          "tests": [
            {
              "title": "fills form with invalid email and too short password",
              "fullTitle": "Negative test with faker data fills form with invalid email and too short password",
              "timedOut": null,
              "duration": 785,
              "state": "passed",
              "speed": "fast",
              "pass": true,
              "fail": false,
              "pending": false,
              "context": null,
              "code": "cy.visit('https://example.cypress.io/commands/actions');\nconst invalidEmail = 'emailexample.com';\ncy.get('#email1').type(invalidEmail).should('have.value', invalidEmail).and('not.have.value', '@');\nconst shortPassword = _faker.faker.internet.password({\n  length: 6\n});\ncy.get('#password1').type(shortPassword).should('have.value', shortPassword).then(val => {\n  expect(val.length).to.be.lessThan(8);\n});",
              "err": {},
              "uuid": "bd074193-cece-4d47-88af-6f1d51ca5a31",
              "parentUUID": "18fad82d-c5d9-487c-b86a-f60142e36e5e",
              "isHook": false,
              "skipped": false
            }
          ],
          "suites": [],
          "passes": [
            "bd074193-cece-4d47-88af-6f1d51ca5a31"
          ],
          "failures": [],
          "pending": [],
          "skipped": [],
          "duration": 785,
          "root": false,
          "rootEmpty": false,
          "_timeout": 2000
        }
      ],
      "passes": [],
      "failures": [],
      "pending": [],
      "skipped": [],
      "duration": 0,
      "root": true,
      "rootEmpty": true,
      "_timeout": 2000
    }
  ],
  "meta": {
    "mocha": {
      "version": "7.2.0"
    },
    "mochawesome": {
      "options": {
        "quiet": false,
        "reportFilename": "mochawesome",
        "saveHtml": true,
        "saveJson": true,
        "consoleReporter": "spec",
        "useInlineDiffs": false,
        "code": true
      },
      "version": "7.1.3"
    },
    "marge": {
      "options": {
        "reportDir": "cypress/reports",
        "overwrite": false,
        "html": true,
        "json": true
      },
      "version": "6.2.0"
    }
  }
}