{
  "stats": {
    "suites": 1,
    "tests": 1,
    "passes": 1,
    "pending": 0,
    "failures": 0,
    "start": "2025-08-29T07:38:40.217Z",
    "end": "2025-08-29T07:38:41.754Z",
    "duration": 1537,
    "testsRegistered": 1,
    "passPercent": 100,
    "pendingPercent": 0,
    "other": 0,
    "hasOther": false,
    "skipped": 0,
    "hasSkipped": false
  },
  "results": [
    {
      "uuid": "26bbc2f3-3926-4c1c-841a-afea776ec4d3",
      "title": "",
      "fullFile": "cypress/e2e/password-field.cy.js",
      "file": "cypress/e2e/password-field.cy.js",
      "beforeHooks": [],
      "afterHooks": [],
      "tests": [],
      "suites": [
        {
          "uuid": "9053477b-d580-4ec2-9deb-55921cc53eda",
          "title": "Password",
          "fullFile": "",
          "file": "",
          "beforeHooks": [],
          "afterHooks": [],
          "tests": [
            {
              "title": "Type password and check length",
              "fullTitle": "Password Type password and check length",
              "timedOut": null,
              "duration": 501,
              "state": "passed",
              "speed": "fast",
              "pass": true,
              "fail": false,
              "pending": false,
              "context": null,
              "code": "cy.visit('https://example.cypress.io/commands/actions').get('#password1').type('Password123$').should('have.value', 'Password123$').invoke('val').should('have.length', 12);",
              "err": {},
              "uuid": "a27d7c8d-0703-4185-a690-6fca88cefa0c",
              "parentUUID": "9053477b-d580-4ec2-9deb-55921cc53eda",
              "isHook": false,
              "skipped": false
            }
          ],
          "suites": [],
          "passes": [
            "a27d7c8d-0703-4185-a690-6fca88cefa0c"
          ],
          "failures": [],
          "pending": [],
          "skipped": [],
          "duration": 501,
          "root": false,
          "rootEmpty": false,
          "_timeout": 2000
        }
      ],
      "passes": [],
      "failures": [],
      "pending": [],
      "skipped": [],
      "duration": 0,
      "root": true,
      "rootEmpty": true,
      "_timeout": 2000
    }
  ],
  "meta": {
    "mocha": {
      "version": "7.2.0"
    },
    "mochawesome": {
      "options": {
        "quiet": false,
        "reportFilename": "mochawesome",
        "saveHtml": true,
        "saveJson": true,
        "consoleReporter": "spec",
        "useInlineDiffs": false,
        "code": true
      },
      "version": "7.1.3"
    },
    "marge": {
      "options": {
        "reportDir": "cypress/reports",
        "overwrite": false,
        "html": true,
        "json": true
      },
      "version": "6.2.0"
    }
  }
}