{
  "stats": {
    "suites": 1,
    "tests": 1,
    "passes": 1,
    "pending": 0,
    "failures": 0,
    "start": "2025-08-29T07:37:20.700Z",
    "end": "2025-08-29T07:37:22.619Z",
    "duration": 1919,
    "testsRegistered": 1,
    "passPercent": 100,
    "pendingPercent": 0,
    "other": 0,
    "hasOther": false,
    "skipped": 0,
    "hasSkipped": false
  },
  "results": [
    {
      "uuid": "b5448b5a-0fff-4bb8-945d-f9b70e99dc8b",
      "title": "",
      "fullFile": "cypress/e2e/alias-dom.cy.js",
      "file": "cypress/e2e/alias-dom.cy.js",
      "beforeHooks": [],
      "afterHooks": [],
      "tests": [],
      "suites": [
        {
          "uuid": "94b99308-2a5c-4436-af3f-01ad9c18a1ba",
          "title": "Alias example - DOM element",
          "fullFile": "",
          "file": "",
          "beforeHooks": [],
          "afterHooks": [],
          "tests": [
            {
              "title": "uses alias for email field multiple times",
              "fullTitle": "Alias example - DOM element uses alias for email field multiple times",
              "timedOut": null,
              "duration": 877,
              "state": "passed",
              "speed": "fast",
              "pass": true,
              "fail": false,
              "pending": false,
              "context": null,
              "code": "cy.visit('https://example.cypress.io/commands/actions');\ncy.get('#email1').as('emailField');\ncy.get('@emailField').type('alias@example.pl').should('have.value', 'alias@example.pl');\ncy.get('@emailField').clear().type('email@example.com').should('have.value', 'email@example.com');",
              "err": {},
              "uuid": "ffa18221-4894-42bf-9c1e-ea10e267c34a",
              "parentUUID": "94b99308-2a5c-4436-af3f-01ad9c18a1ba",
              "isHook": false,
              "skipped": false
            }
          ],
          "suites": [],
          "passes": [
            "ffa18221-4894-42bf-9c1e-ea10e267c34a"
          ],
          "failures": [],
          "pending": [],
          "skipped": [],
          "duration": 877,
          "root": false,
          "rootEmpty": false,
          "_timeout": 2000
        }
      ],
      "passes": [],
      "failures": [],
      "pending": [],
      "skipped": [],
      "duration": 0,
      "root": true,
      "rootEmpty": true,
      "_timeout": 2000
    }
  ],
  "meta": {
    "mocha": {
      "version": "7.2.0"
    },
    "mochawesome": {
      "options": {
        "quiet": false,
        "reportFilename": "mochawesome",
        "saveHtml": true,
        "saveJson": true,
        "consoleReporter": "spec",
        "useInlineDiffs": false,
        "code": true
      },
      "version": "7.1.3"
    },
    "marge": {
      "options": {
        "reportDir": "cypress/reports",
        "overwrite": false,
        "html": true,
        "json": true
      },
      "version": "6.2.0"
    }
  }
}